#
# There is insufficient memory for the Java Runtime Environment to continue.
# Native memory allocation (malloc) failed to allocate 377712 bytes for Chunk::new
# Possible reasons:
#   The system is out of physical RAM or swap space
#   The process is running with CompressedOops enabled, and the Java Heap may be blocking the growth of the native heap
# Possible solutions:
#   Reduce memory load on the system
#   Increase physical memory or swap space
#   Check if swap backing store is full
#   Decrease Java heap size (-Xmx/-Xms)
#   Decrease number of Java threads
#   Decrease Java thread stack sizes (-Xss)
#   Set larger code cache with -XX:ReservedCodeCacheSize=
#   JVM is running with Unscaled Compressed Oops mode in which the Java heap is
#     placed in the first 4GB address space. The Java Heap base address is the
#     maximum limit for the native heap growth. Please use -XX:HeapBaseMinAddress
#     to set the Java Heap base and to place the Java Heap above 4GB virtual address.
# This output file may be truncated or incomplete.
#
#  Out of Memory Error (arena.cpp:195), pid=3388, tid=25704
#
# JRE version: OpenJDK Runtime Environment (16.0.1+9) (build 16.0.1+9-24)
# Java VM: OpenJDK 64-Bit Server VM (16.0.1+9-24, mixed mode, tiered, compressed oops, compressed class ptrs, g1 gc, windows-amd64)
# No core dump will be written. Minidumps are not enabled by default on client versions of Windows
#

---------------  S U M M A R Y ------------

Command Line: -Dfile.encoding=UTF-8 -XX:+ShowCodeDetailsInExceptionMessages application.mqttr.App

Host: Intel(R) Core(TM) i7-6500U CPU @ 2.50GHz, 4 cores, 7G,  Windows 10 , 64 bit Build 19041 (10.0.19041.1023)
Time: Wed Aug 11 18:29:51 2021 Afr. centrale Ouest elapsed time: 1.003900 seconds (0d 0h 0m 1s)

---------------  T H R E A D  ---------------

Current thread (0x000002a22840f470):  JavaThread "C2 CompilerThread0" daemon [_thread_in_native, id=25704, stack(0x000000ef6fd00000,0x000000ef6fe00000)]


Current CompileTask:
C2:   1004  757   !   4       java.util.zip.ZipFile::getEntry (59 bytes)

Stack: [0x000000ef6fd00000,0x000000ef6fe00000]
Native frames: (J=compiled Java code, j=interpreted, Vv=VM code, C=native code)
V  [jvm.dll+0x6687ca]
V  [jvm.dll+0x7ca3c9]
V  [jvm.dll+0x7cbb53]
V  [jvm.dll+0x7cc1b3]
V  [jvm.dll+0x242ea5]
V  [jvm.dll+0xadeca]
V  [jvm.dll+0xae5ac]
V  [jvm.dll+0x35af27]
V  [jvm.dll+0x3253d1]
V  [jvm.dll+0x32487a]
V  [jvm.dll+0x215f3c]
V  [jvm.dll+0x215350]
V  [jvm.dll+0x1a1d9b]
V  [jvm.dll+0x2253a8]
V  [jvm.dll+0x2233ec]
V  [jvm.dll+0x780002]
V  [jvm.dll+0x779b4a]
V  [jvm.dll+0x667666]
C  [ucrtbase.dll+0x21bb2]
C  [KERNEL32.DLL+0x17034]
C  [ntdll.dll+0x52651]


---------------  P R O C E S S  ---------------

Threads class SMR info:
_java_thread_list=0x000002a228546ff0, length=12, elements={
0x000002a20e34eb90, 0x000002a227871410, 0x000002a227873080, 0x000002a22789b290,
0x000002a22789cdb0, 0x000002a22789f060, 0x000002a22789fa60, 0x000002a22840f470,
0x000002a228410650, 0x000002a228413840, 0x000002a228570450, 0x000002a22858d410
}

Java Threads: ( => current thread )
  0x000002a20e34eb90 JavaThread "main" [_thread_in_vm, id=14132, stack(0x000000ef6f000000,0x000000ef6f100000)]
  0x000002a227871410 JavaThread "Reference Handler" daemon [_thread_blocked, id=30000, stack(0x000000ef6f700000,0x000000ef6f800000)]
  0x000002a227873080 JavaThread "Finalizer" daemon [_thread_blocked, id=25580, stack(0x000000ef6f800000,0x000000ef6f900000)]
  0x000002a22789b290 JavaThread "Signal Dispatcher" daemon [_thread_blocked, id=12832, stack(0x000000ef6f900000,0x000000ef6fa00000)]
  0x000002a22789cdb0 JavaThread "Attach Listener" daemon [_thread_blocked, id=29520, stack(0x000000ef6fa00000,0x000000ef6fb00000)]
  0x000002a22789f060 JavaThread "Service Thread" daemon [_thread_blocked, id=31372, stack(0x000000ef6fb00000,0x000000ef6fc00000)]
  0x000002a22789fa60 JavaThread "Monitor Deflation Thread" daemon [_thread_blocked, id=26840, stack(0x000000ef6fc00000,0x000000ef6fd00000)]
=>0x000002a22840f470 JavaThread "C2 CompilerThread0" daemon [_thread_in_native, id=25704, stack(0x000000ef6fd00000,0x000000ef6fe00000)]
  0x000002a228410650 JavaThread "C1 CompilerThread0" daemon [_thread_blocked, id=13624, stack(0x000000ef6fe00000,0x000000ef6ff00000)]
  0x000002a228413840 JavaThread "Sweeper thread" daemon [_thread_blocked, id=14404, stack(0x000000ef6ff00000,0x000000ef70000000)]
  0x000002a228570450 JavaThread "Notification Thread" daemon [_thread_blocked, id=28552, stack(0x000000ef70000000,0x000000ef70100000)]
  0x000002a22858d410 JavaThread "Common-Cleaner" daemon [_thread_blocked, id=25792, stack(0x000000ef70200000,0x000000ef70300000)]

Other Threads:
  0x000002a22785cf70 VMThread "VM Thread" [stack: 0x000000ef6f600000,0x000000ef6f700000] [id=25548]
  0x000002a2277dd700 WatcherThread [stack: 0x000000ef70100000,0x000000ef70200000] [id=13856]
  0x000002a20e38cc60 GCTaskThread "GC Thread#0" [stack: 0x000000ef6f100000,0x000000ef6f200000] [id=9996]
  0x000002a228b1be40 GCTaskThread "GC Thread#1" [stack: 0x000000ef70300000,0x000000ef70400000] [id=3224]
  0x000002a228b1c150 GCTaskThread "GC Thread#2" [stack: 0x000000ef70400000,0x000000ef70500000] [id=25680]
  0x000002a228b1c460 GCTaskThread "GC Thread#3" [stack: 0x000000ef70500000,0x000000ef70600000] [id=31528]
  0x000002a20e39d9a0 ConcurrentGCThread "G1 Main Marker" [stack: 0x000000ef6f200000,0x000000ef6f300000] [id=12932]
  0x000002a20e39ec30 ConcurrentGCThread "G1 Conc#0" [stack: 0x000000ef6f300000,0x000000ef6f400000] [id=10132]
  0x000002a20e4173c0 ConcurrentGCThread "G1 Refine#0" [stack: 0x000000ef6f400000,0x000000ef6f500000] [id=28360]
  0x000002a228b4fa80 ConcurrentGCThread "G1 Refine#1" [stack: 0x000000ef70600000,0x000000ef70700000] [id=5048]
  0x000002a20e418e50 ConcurrentGCThread "G1 Service" [stack: 0x000000ef6f500000,0x000000ef6f600000] [id=28044]

Threads with active compile tasks:
C2 CompilerThread0     1048  757   !   4       java.util.zip.ZipFile::getEntry (59 bytes)

VM state: not at safepoint (normal execution)

VM Mutex/Monitor currently owned by a thread: None

Heap address: 0x0000000082000000, size: 2016 MB, Compressed Oops mode: 32-bit

CDS disabled.
Compressed class space mapped at: 0x0000000100000000-0x0000000140000000, reserved size: 1073741824
Narrow klass base: 0x0000000000000000, Narrow klass shift: 3, Narrow klass range: 0x140000000

GC Precious Log:
 CPUs: 4 total, 4 available
 Memory: 8056M
 Large Page Support: Disabled
 NUMA Support: Disabled
 Compressed Oops: Enabled (32-bit)
 Heap Region Size: 1M
 Heap Min Capacity: 8M
 Heap Initial Capacity: 126M
 Heap Max Capacity: 2016M
 Pre-touch: Disabled
 Parallel Workers: 4
 Concurrent Workers: 1
 Concurrent Refinement Workers: 4
 Periodic GC: Disabled

Heap:
 garbage-first heap   total 129024K, used 13317K [0x0000000082000000, 0x0000000100000000)
  region size 1024K, 9 young (9216K), 2 survivors (2048K)
 Metaspace       used 11917K, committed 12096K, reserved 1064960K
  class space    used 1108K, committed 1216K, reserved 1048576K

Heap Regions: E=young(eden), S=young(survivor), O=old, HS=humongous(starts), HC=humongous(continues), CS=collection set, F=free, OA=open archive, CA=closed archive, TAMS=top-at-mark-start (previous, next)
|   0|0x0000000082000000, 0x0000000082100000, 0x0000000082100000|100%|HS|  |TAMS 0x0000000082000000, 0x0000000082000000| Complete 
|   1|0x0000000082100000, 0x0000000082200000, 0x0000000082200000|100%|HS|  |TAMS 0x0000000082100000, 0x0000000082100000| Complete 
|   2|0x0000000082200000, 0x0000000082300000, 0x0000000082300000|100%| O|  |TAMS 0x0000000082200000, 0x0000000082200000| Untracked 
|   3|0x0000000082300000, 0x0000000082400000, 0x0000000082400000|100%| O|  |TAMS 0x0000000082300000, 0x0000000082300000| Untracked 
|   4|0x0000000082400000, 0x0000000082500000, 0x0000000082500000|100%| O|  |TAMS 0x0000000082400000, 0x0000000082400000| Untracked 
|   5|0x0000000082500000, 0x0000000082600000, 0x0000000082600000|100%| O|  |TAMS 0x0000000082500000, 0x0000000082500000| Untracked 
|   6|0x0000000082600000, 0x0000000082601600, 0x0000000082700000|  0%| O|  |TAMS 0x0000000082600000, 0x0000000082600000| Untracked 
|   7|0x0000000082700000, 0x0000000082700000, 0x0000000082800000|  0%| F|  |TAMS 0x0000000082700000, 0x0000000082700000| Untracked 
|   8|0x0000000082800000, 0x0000000082800000, 0x0000000082900000|  0%| F|  |TAMS 0x0000000082800000, 0x0000000082800000| Untracked 
|   9|0x0000000082900000, 0x0000000082900000, 0x0000000082a00000|  0%| F|  |TAMS 0x0000000082900000, 0x0000000082900000| Untracked 
|  10|0x0000000082a00000, 0x0000000082a00000, 0x0000000082b00000|  0%| F|  |TAMS 0x0000000082a00000, 0x0000000082a00000| Untracked 
|  11|0x0000000082b00000, 0x0000000082b00000, 0x0000000082c00000|  0%| F|  |TAMS 0x0000000082b00000, 0x0000000082b00000| Untracked 
|  12|0x0000000082c00000, 0x0000000082c00000, 0x0000000082d00000|  0%| F|  |TAMS 0x0000000082c00000, 0x0000000082c00000| Untracked 
|  13|0x0000000082d00000, 0x0000000082d00000, 0x0000000082e00000|  0%| F|  |TAMS 0x0000000082d00000, 0x0000000082d00000| Untracked 
|  14|0x0000000082e00000, 0x0000000082e00000, 0x0000000082f00000|  0%| F|  |TAMS 0x0000000082e00000, 0x0000000082e00000| Untracked 
|  15|0x0000000082f00000, 0x0000000082f00000, 0x0000000083000000|  0%| F|  |TAMS 0x0000000082f00000, 0x0000000082f00000| Untracked 
|  16|0x0000000083000000, 0x0000000083000000, 0x0000000083100000|  0%| F|  |TAMS 0x0000000083000000, 0x0000000083000000| Untracked 
|  17|0x0000000083100000, 0x0000000083100000, 0x0000000083200000|  0%| F|  |TAMS 0x0000000083100000, 0x0000000083100000| Untracked 
|  18|0x0000000083200000, 0x0000000083200000, 0x0000000083300000|  0%| F|  |TAMS 0x0000000083200000, 0x0000000083200000| Untracked 
|  19|0x0000000083300000, 0x0000000083300000, 0x0000000083400000|  0%| F|  |TAMS 0x0000000083300000, 0x0000000083300000| Untracked 
|  20|0x0000000083400000, 0x0000000083400000, 0x0000000083500000|  0%| F|  |TAMS 0x0000000083400000, 0x0000000083400000| Untracked 
|  21|0x0000000083500000, 0x0000000083500000, 0x0000000083600000|  0%| F|  |TAMS 0x0000000083500000, 0x0000000083500000| Untracked 
|  22|0x0000000083600000, 0x0000000083600000, 0x0000000083700000|  0%| F|  |TAMS 0x0000000083600000, 0x0000000083600000| Untracked 
|  23|0x0000000083700000, 0x0000000083700000, 0x0000000083800000|  0%| F|  |TAMS 0x0000000083700000, 0x0000000083700000| Untracked 
|  24|0x0000000083800000, 0x0000000083800000, 0x0000000083900000|  0%| F|  |TAMS 0x0000000083800000, 0x0000000083800000| Untracked 
|  25|0x0000000083900000, 0x0000000083900000, 0x0000000083a00000|  0%| F|  |TAMS 0x0000000083900000, 0x0000000083900000| Untracked 
|  26|0x0000000083a00000, 0x0000000083a00000, 0x0000000083b00000|  0%| F|  |TAMS 0x0000000083a00000, 0x0000000083a00000| Untracked 
|  27|0x0000000083b00000, 0x0000000083b00000, 0x0000000083c00000|  0%| F|  |TAMS 0x0000000083b00000, 0x0000000083b00000| Untracked 
|  28|0x0000000083c00000, 0x0000000083c00000, 0x0000000083d00000|  0%| F|  |TAMS 0x0000000083c00000, 0x0000000083c00000| Untracked 
|  29|0x0000000083d00000, 0x0000000083d00000, 0x0000000083e00000|  0%| F|  |TAMS 0x0000000083d00000, 0x0000000083d00000| Untracked 
|  30|0x0000000083e00000, 0x0000000083e00000, 0x0000000083f00000|  0%| F|  |TAMS 0x0000000083e00000, 0x0000000083e00000| Untracked 
|  31|0x0000000083f00000, 0x0000000083f00000, 0x0000000084000000|  0%| F|  |TAMS 0x0000000083f00000, 0x0000000083f00000| Untracked 
|  32|0x0000000084000000, 0x0000000084000000, 0x0000000084100000|  0%| F|  |TAMS 0x0000000084000000, 0x0000000084000000| Untracked 
|  33|0x0000000084100000, 0x0000000084100000, 0x0000000084200000|  0%| F|  |TAMS 0x0000000084100000, 0x0000000084100000| Untracked 
|  34|0x0000000084200000, 0x0000000084200000, 0x0000000084300000|  0%| F|  |TAMS 0x0000000084200000, 0x0000000084200000| Untracked 
|  35|0x0000000084300000, 0x0000000084300000, 0x0000000084400000|  0%| F|  |TAMS 0x0000000084300000, 0x0000000084300000| Untracked 
|  36|0x0000000084400000, 0x0000000084400000, 0x0000000084500000|  0%| F|  |TAMS 0x0000000084400000, 0x0000000084400000| Untracked 
|  37|0x0000000084500000, 0x0000000084500000, 0x0000000084600000|  0%| F|  |TAMS 0x0000000084500000, 0x0000000084500000| Untracked 
|  38|0x0000000084600000, 0x0000000084600000, 0x0000000084700000|  0%| F|  |TAMS 0x0000000084600000, 0x0000000084600000| Untracked 
|  39|0x0000000084700000, 0x0000000084700000, 0x0000000084800000|  0%| F|  |TAMS 0x0000000084700000, 0x0000000084700000| Untracked 
|  40|0x0000000084800000, 0x0000000084800000, 0x0000000084900000|  0%| F|  |TAMS 0x0000000084800000, 0x0000000084800000| Untracked 
|  41|0x0000000084900000, 0x0000000084900000, 0x0000000084a00000|  0%| F|  |TAMS 0x0000000084900000, 0x0000000084900000| Untracked 
|  42|0x0000000084a00000, 0x0000000084a00000, 0x0000000084b00000|  0%| F|  |TAMS 0x0000000084a00000, 0x0000000084a00000| Untracked 
|  43|0x0000000084b00000, 0x0000000084b00000, 0x0000000084c00000|  0%| F|  |TAMS 0x0000000084b00000, 0x0000000084b00000| Untracked 
|  44|0x0000000084c00000, 0x0000000084c00000, 0x0000000084d00000|  0%| F|  |TAMS 0x0000000084c00000, 0x0000000084c00000| Untracked 
|  45|0x0000000084d00000, 0x0000000084d00000, 0x0000000084e00000|  0%| F|  |TAMS 0x0000000084d00000, 0x0000000084d00000| Untracked 
|  46|0x0000000084e00000, 0x0000000084e00000, 0x0000000084f00000|  0%| F|  |TAMS 0x0000000084e00000, 0x0000000084e00000| Untracked 
|  47|0x0000000084f00000, 0x0000000084f00000, 0x0000000085000000|  0%| F|  |TAMS 0x0000000084f00000, 0x0000000084f00000| Untracked 
|  48|0x0000000085000000, 0x0000000085000000, 0x0000000085100000|  0%| F|  |TAMS 0x0000000085000000, 0x0000000085000000| Untracked 
|  49|0x0000000085100000, 0x0000000085100000, 0x0000000085200000|  0%| F|  |TAMS 0x0000000085100000, 0x0000000085100000| Untracked 
|  50|0x0000000085200000, 0x0000000085200000, 0x0000000085300000|  0%| F|  |TAMS 0x0000000085200000, 0x0000000085200000| Untracked 
|  51|0x0000000085300000, 0x0000000085300000, 0x0000000085400000|  0%| F|  |TAMS 0x0000000085300000, 0x0000000085300000| Untracked 
|  52|0x0000000085400000, 0x0000000085400000, 0x0000000085500000|  0%| F|  |TAMS 0x0000000085400000, 0x0000000085400000| Untracked 
|  53|0x0000000085500000, 0x0000000085500000, 0x0000000085600000|  0%| F|  |TAMS 0x0000000085500000, 0x0000000085500000| Untracked 
|  54|0x0000000085600000, 0x0000000085600000, 0x0000000085700000|  0%| F|  |TAMS 0x0000000085600000, 0x0000000085600000| Untracked 
|  55|0x0000000085700000, 0x0000000085700000, 0x0000000085800000|  0%| F|  |TAMS 0x0000000085700000, 0x0000000085700000| Untracked 
|  56|0x0000000085800000, 0x0000000085800000, 0x0000000085900000|  0%| F|  |TAMS 0x0000000085800000, 0x0000000085800000| Untracked 
|  57|0x0000000085900000, 0x0000000085900000, 0x0000000085a00000|  0%| F|  |TAMS 0x0000000085900000, 0x0000000085900000| Untracked 
|  58|0x0000000085a00000, 0x0000000085a00000, 0x0000000085b00000|  0%| F|  |TAMS 0x0000000085a00000, 0x0000000085a00000| Untracked 
|  59|0x0000000085b00000, 0x0000000085b00000, 0x0000000085c00000|  0%| F|  |TAMS 0x0000000085b00000, 0x0000000085b00000| Untracked 
|  60|0x0000000085c00000, 0x0000000085c00000, 0x0000000085d00000|  0%| F|  |TAMS 0x0000000085c00000, 0x0000000085c00000| Untracked 
|  61|0x0000000085d00000, 0x0000000085d00000, 0x0000000085e00000|  0%| F|  |TAMS 0x0000000085d00000, 0x0000000085d00000| Untracked 
|  62|0x0000000085e00000, 0x0000000085e00000, 0x0000000085f00000|  0%| F|  |TAMS 0x0000000085e00000, 0x0000000085e00000| Untracked 
|  63|0x0000000085f00000, 0x0000000085f00000, 0x0000000086000000|  0%| F|  |TAMS 0x0000000085f00000, 0x0000000085f00000| Untracked 
|  64|0x0000000086000000, 0x0000000086000000, 0x0000000086100000|  0%| F|  |TAMS 0x0000000086000000, 0x0000000086000000| Untracked 
|  65|0x0000000086100000, 0x0000000086100000, 0x0000000086200000|  0%| F|  |TAMS 0x0000000086100000, 0x0000000086100000| Untracked 
|  66|0x0000000086200000, 0x0000000086200000, 0x0000000086300000|  0%| F|  |TAMS 0x0000000086200000, 0x0000000086200000| Untracked 
|  67|0x0000000086300000, 0x0000000086300000, 0x0000000086400000|  0%| F|  |TAMS 0x0000000086300000, 0x0000000086300000| Untracked 
|  68|0x0000000086400000, 0x0000000086400000, 0x0000000086500000|  0%| F|  |TAMS 0x0000000086400000, 0x0000000086400000| Untracked 
|  69|0x0000000086500000, 0x0000000086500000, 0x0000000086600000|  0%| F|  |TAMS 0x0000000086500000, 0x0000000086500000| Untracked 
|  70|0x0000000086600000, 0x0000000086600000, 0x0000000086700000|  0%| F|  |TAMS 0x0000000086600000, 0x0000000086600000| Untracked 
|  71|0x0000000086700000, 0x0000000086700000, 0x0000000086800000|  0%| F|  |TAMS 0x0000000086700000, 0x0000000086700000| Untracked 
|  72|0x0000000086800000, 0x0000000086800000, 0x0000000086900000|  0%| F|  |TAMS 0x0000000086800000, 0x0000000086800000| Untracked 
|  73|0x0000000086900000, 0x0000000086900000, 0x0000000086a00000|  0%| F|  |TAMS 0x0000000086900000, 0x0000000086900000| Untracked 
|  74|0x0000000086a00000, 0x0000000086a00000, 0x0000000086b00000|  0%| F|  |TAMS 0x0000000086a00000, 0x0000000086a00000| Untracked 
|  75|0x0000000086b00000, 0x0000000086b00000, 0x0000000086c00000|  0%| F|  |TAMS 0x0000000086b00000, 0x0000000086b00000| Untracked 
|  76|0x0000000086c00000, 0x0000000086c00000, 0x0000000086d00000|  0%| F|  |TAMS 0x0000000086c00000, 0x0000000086c00000| Untracked 
|  77|0x0000000086d00000, 0x0000000086d00000, 0x0000000086e00000|  0%| F|  |TAMS 0x0000000086d00000, 0x0000000086d00000| Untracked 
|  78|0x0000000086e00000, 0x0000000086e00000, 0x0000000086f00000|  0%| F|  |TAMS 0x0000000086e00000, 0x0000000086e00000| Untracked 
|  79|0x0000000086f00000, 0x0000000086f00000, 0x0000000087000000|  0%| F|  |TAMS 0x0000000086f00000, 0x0000000086f00000| Untracked 
|  80|0x0000000087000000, 0x0000000087000000, 0x0000000087100000|  0%| F|  |TAMS 0x0000000087000000, 0x0000000087000000| Untracked 
|  81|0x0000000087100000, 0x0000000087100000, 0x0000000087200000|  0%| F|  |TAMS 0x0000000087100000, 0x0000000087100000| Untracked 
|  82|0x0000000087200000, 0x0000000087200000, 0x0000000087300000|  0%| F|  |TAMS 0x0000000087200000, 0x0000000087200000| Untracked 
|  83|0x0000000087300000, 0x0000000087300000, 0x0000000087400000|  0%| F|  |TAMS 0x0000000087300000, 0x0000000087300000| Untracked 
|  84|0x0000000087400000, 0x0000000087400000, 0x0000000087500000|  0%| F|  |TAMS 0x0000000087400000, 0x0000000087400000| Untracked 
|  85|0x0000000087500000, 0x0000000087500000, 0x0000000087600000|  0%| F|  |TAMS 0x0000000087500000, 0x0000000087500000| Untracked 
|  86|0x0000000087600000, 0x0000000087600000, 0x0000000087700000|  0%| F|  |TAMS 0x0000000087600000, 0x0000000087600000| Untracked 
|  87|0x0000000087700000, 0x0000000087700000, 0x0000000087800000|  0%| F|  |TAMS 0x0000000087700000, 0x0000000087700000| Untracked 
|  88|0x0000000087800000, 0x0000000087800000, 0x0000000087900000|  0%| F|  |TAMS 0x0000000087800000, 0x0000000087800000| Untracked 
|  89|0x0000000087900000, 0x0000000087900000, 0x0000000087a00000|  0%| F|  |TAMS 0x0000000087900000, 0x0000000087900000| Untracked 
|  90|0x0000000087a00000, 0x0000000087a00000, 0x0000000087b00000|  0%| F|  |TAMS 0x0000000087a00000, 0x0000000087a00000| Untracked 
|  91|0x0000000087b00000, 0x0000000087b00000, 0x0000000087c00000|  0%| F|  |TAMS 0x0000000087b00000, 0x0000000087b00000| Untracked 
|  92|0x0000000087c00000, 0x0000000087c00000, 0x0000000087d00000|  0%| F|  |TAMS 0x0000000087c00000, 0x0000000087c00000| Untracked 
|  93|0x0000000087d00000, 0x0000000087d00000, 0x0000000087e00000|  0%| F|  |TAMS 0x0000000087d00000, 0x0000000087d00000| Untracked 
|  94|0x0000000087e00000, 0x0000000087e00000, 0x0000000087f00000|  0%| F|  |TAMS 0x0000000087e00000, 0x0000000087e00000| Untracked 
|  95|0x0000000087f00000, 0x0000000087f00000, 0x0000000088000000|  0%| F|  |TAMS 0x0000000087f00000, 0x0000000087f00000| Untracked 
|  96|0x0000000088000000, 0x0000000088000000, 0x0000000088100000|  0%| F|  |TAMS 0x0000000088000000, 0x0000000088000000| Untracked 
|  97|0x0000000088100000, 0x0000000088100000, 0x0000000088200000|  0%| F|  |TAMS 0x0000000088100000, 0x0000000088100000| Untracked 
|  98|0x0000000088200000, 0x0000000088200000, 0x0000000088300000|  0%| F|  |TAMS 0x0000000088200000, 0x0000000088200000| Untracked 
|  99|0x0000000088300000, 0x0000000088300000, 0x0000000088400000|  0%| F|  |TAMS 0x0000000088300000, 0x0000000088300000| Untracked 
| 100|0x0000000088400000, 0x0000000088400000, 0x0000000088500000|  0%| F|  |TAMS 0x0000000088400000, 0x0000000088400000| Untracked 
| 101|0x0000000088500000, 0x0000000088500000, 0x0000000088600000|  0%| F|  |TAMS 0x0000000088500000, 0x0000000088500000| Untracked 
| 102|0x0000000088600000, 0x0000000088600000, 0x0000000088700000|  0%| F|  |TAMS 0x0000000088600000, 0x0000000088600000| Untracked 
| 103|0x0000000088700000, 0x0000000088700000, 0x0000000088800000|  0%| F|  |TAMS 0x0000000088700000, 0x0000000088700000| Untracked 
| 104|0x0000000088800000, 0x0000000088800000, 0x0000000088900000|  0%| F|  |TAMS 0x0000000088800000, 0x0000000088800000| Untracked 
| 105|0x0000000088900000, 0x0000000088900000, 0x0000000088a00000|  0%| F|  |TAMS 0x0000000088900000, 0x0000000088900000| Untracked 
| 106|0x0000000088a00000, 0x0000000088a00000, 0x0000000088b00000|  0%| F|  |TAMS 0x0000000088a00000, 0x0000000088a00000| Untracked 
| 107|0x0000000088b00000, 0x0000000088b00000, 0x0000000088c00000|  0%| F|  |TAMS 0x0000000088b00000, 0x0000000088b00000| Untracked 
| 108|0x0000000088c00000, 0x0000000088c00000, 0x0000000088d00000|  0%| F|  |TAMS 0x0000000088c00000, 0x0000000088c00000| Untracked 
| 109|0x0000000088d00000, 0x0000000088d00000, 0x0000000088e00000|  0%| F|  |TAMS 0x0000000088d00000, 0x0000000088d00000| Untracked 
| 110|0x0000000088e00000, 0x0000000088e00000, 0x0000000088f00000|  0%| F|  |TAMS 0x0000000088e00000, 0x0000000088e00000| Untracked 
| 111|0x0000000088f00000, 0x0000000089000000, 0x0000000089000000|100%| S|CS|TAMS 0x0000000088f00000, 0x0000000088f00000| Complete 
| 112|0x0000000089000000, 0x0000000089100000, 0x0000000089100000|100%| S|CS|TAMS 0x0000000089000000, 0x0000000089000000| Complete 
| 113|0x0000000089100000, 0x0000000089100000, 0x0000000089200000|  0%| F|  |TAMS 0x0000000089100000, 0x0000000089100000| Untracked 
| 114|0x0000000089200000, 0x0000000089200000, 0x0000000089300000|  0%| F|  |TAMS 0x0000000089200000, 0x0000000089200000| Untracked 
| 115|0x0000000089300000, 0x0000000089300000, 0x0000000089400000|  0%| F|  |TAMS 0x0000000089300000, 0x0000000089300000| Untracked 
| 116|0x0000000089400000, 0x0000000089400000, 0x0000000089500000|  0%| F|  |TAMS 0x0000000089400000, 0x0000000089400000| Untracked 
| 117|0x0000000089500000, 0x0000000089500000, 0x0000000089600000|  0%| F|  |TAMS 0x0000000089500000, 0x0000000089500000| Untracked 
| 118|0x0000000089600000, 0x0000000089600000, 0x0000000089700000|  0%| F|  |TAMS 0x0000000089600000, 0x0000000089600000| Untracked 
| 119|0x0000000089700000, 0x000000008973d2b0, 0x0000000089800000| 23%| E|  |TAMS 0x0000000089700000, 0x0000000089700000| Complete 
| 120|0x0000000089800000, 0x0000000089900000, 0x0000000089900000|100%| E|CS|TAMS 0x0000000089800000, 0x0000000089800000| Complete 
| 121|0x0000000089900000, 0x0000000089a00000, 0x0000000089a00000|100%| E|CS|TAMS 0x0000000089900000, 0x0000000089900000| Complete 
| 122|0x0000000089a00000, 0x0000000089b00000, 0x0000000089b00000|100%| E|  |TAMS 0x0000000089a00000, 0x0000000089a00000| Complete 
| 123|0x0000000089b00000, 0x0000000089c00000, 0x0000000089c00000|100%| E|CS|TAMS 0x0000000089b00000, 0x0000000089b00000| Complete 
| 124|0x0000000089c00000, 0x0000000089d00000, 0x0000000089d00000|100%| E|CS|TAMS 0x0000000089c00000, 0x0000000089c00000| Complete 
| 125|0x0000000089d00000, 0x0000000089e00000, 0x0000000089e00000|100%| E|CS|TAMS 0x0000000089d00000, 0x0000000089d00000| Complete 

Card table byte_map: [0x000002a220ca0000,0x000002a221090000] _byte_map_base: 0x000002a220890000

Marking Bits (Prev, Next): (CMBitMap*) 0x000002a20e38d350, (CMBitMap*) 0x000002a20e38d390
 Prev Bits: [0x000002a221480000, 0x000002a223400000)
 Next Bits: [0x000002a223400000, 0x000002a225380000)

Polling page: 0x000002a20c1a0000

Metaspace:

Usage:
  Non-class:     10.60 MB used.
      Class:      1.09 MB used.
       Both:     11.68 MB used.

Virtual space:
  Non-class space:       16.00 MB reserved,      10.69 MB ( 67%) committed,  2 nodes.
      Class space:        1.00 GB reserved,       1.19 MB ( <1%) committed,  1 nodes.
              Both:        1.02 GB reserved,      11.88 MB (  1%) committed. 

Chunk freelists:
   Non-Class:  544.00 KB
       Class:  2.66 MB
        Both:  3.19 MB

MaxMetaspaceSize: 17179869184.00 GB
CompressedClassSpaceSize: 1.00 GB
 - commit_granule_bytes: 65536.
 - commit_granule_words: 8192.
 - virtual_space_node_default_size: 1048576.
 - enlarge_chunks_in_place: 1.
 - new_chunks_are_fully_committed: 0.
 - uncommit_free_chunks: 1.
 - use_allocation_guard: 0.
 - handle_deallocations: 1.


Internal statistics:

num_allocs_failed_limit: 0.
num_arena_births: 24.
num_arena_deaths: 0.
num_vsnodes_births: 3.
num_vsnodes_deaths: 0.
num_space_committed: 190.
num_space_uncommitted: 0.
num_chunks_returned_to_freelist: 0.
num_chunks_taken_from_freelist: 125.
num_chunk_merges: 0.
num_chunk_splits: 69.
num_chunks_enlarged: 52.
num_purges: 0.

CodeHeap 'non-profiled nmethods': size=120000Kb used=268Kb max_used=268Kb free=119731Kb
 bounds [0x000002a219380000, 0x000002a2195f0000, 0x000002a2208b0000]
CodeHeap 'profiled nmethods': size=120000Kb used=1547Kb max_used=1547Kb free=118452Kb
 bounds [0x000002a211e50000, 0x000002a2120c0000, 0x000002a219380000]
CodeHeap 'non-nmethods': size=5760Kb used=1131Kb max_used=1148Kb free=4628Kb
 bounds [0x000002a2118b0000, 0x000002a211b20000, 0x000002a211e50000]
 total_blobs=1264 nmethods=854 adapters=323
 compilation: enabled
              stopped_count=0, restarted_count=0
 full_count=0

Compilation events (20 events):
Event: 0.984 Thread 0x000002a228410650 nmethod 807 0x000002a2193c2410 code [0x000002a2193c25a0, 0x000002a2193c2678]
Event: 0.984 Thread 0x000002a228410650  804       3       java.lang.invoke.MemberName::getReferenceKind (12 bytes)
Event: 0.984 Thread 0x000002a228410650 nmethod 804 0x000002a211fb1190 code [0x000002a211fb1320, 0x000002a211fb1438]
Event: 0.984 Thread 0x000002a228410650  813       3       java.util.regex.Pattern::has (15 bytes)
Event: 0.985 Thread 0x000002a228410650 nmethod 813 0x000002a211fb1510 code [0x000002a211fb16a0, 0x000002a211fb1818]
Event: 0.985 Thread 0x000002a228410650  815       3       java.lang.invoke.MemberName::isConstructor (8 bytes)
Event: 0.986 Thread 0x000002a228410650 nmethod 815 0x000002a211fb1890 code [0x000002a211fb1a40, 0x000002a211fb1c78]
Event: 0.988 Thread 0x000002a228410650  816       3       java.util.TreeMap::parentOf (13 bytes)
Event: 0.988 Thread 0x000002a228410650 nmethod 816 0x000002a211fb1d90 code [0x000002a211fb1f40, 0x000002a211fb20b8]
Event: 0.988 Thread 0x000002a228410650  817       3       java.lang.Character::toUpperCase (6 bytes)
Event: 0.989 Thread 0x000002a228410650 nmethod 817 0x000002a211fb2190 code [0x000002a211fb2340, 0x000002a211fb2598]
Event: 0.989 Thread 0x000002a228410650  818       3       java.lang.Character::toUpperCase (9 bytes)
Event: 0.989 Thread 0x000002a228410650 nmethod 818 0x000002a211fb2690 code [0x000002a211fb2840, 0x000002a211fb2a38]
Event: 0.990 Thread 0x000002a228410650  819       3       java.util.regex.Pattern$SliceI::match (96 bytes)
Event: 0.990 Thread 0x000002a228410650 nmethod 819 0x000002a211fb2b10 code [0x000002a211fb2d00, 0x000002a211fb3358]
Event: 0.990 Thread 0x000002a228410650  820       3       java.util.regex.Pattern$$Lambda$27/0x00000001000fb5d8::is (13 bytes)
Event: 0.990 Thread 0x000002a228410650 nmethod 820 0x000002a211fb3590 code [0x000002a211fb3740, 0x000002a211fb3998]
Event: 0.991 Thread 0x000002a228410650  821       3       java.util.regex.Pattern::lambda$Range$10 (7 bytes)
Event: 0.991 Thread 0x000002a228410650 nmethod 821 0x000002a211fb3a90 code [0x000002a211fb3c40, 0x000002a211fb3e18]
Event: 0.991 Thread 0x000002a228410650  823       3       java.util.regex.Pattern$Branch::match (66 bytes)

GC Heap History (2 events):
Event: 0.656 GC heap before
{Heap before GC invocations=0 (full 0):
 garbage-first heap   total 129024K, used 14336K [0x0000000082000000, 0x0000000100000000)
  region size 1024K, 13 young (13312K), 0 survivors (0K)
 Metaspace       used 10300K, committed 10368K, reserved 1064960K
  class space    used 912K, committed 960K, reserved 1048576K
}
Event: 0.662 GC heap after
{Heap after GC invocations=1 (full 0):
 garbage-first heap   total 129024K, used 8197K [0x0000000082000000, 0x0000000100000000)
  region size 1024K, 2 young (2048K), 2 survivors (2048K)
 Metaspace       used 10300K, committed 10368K, reserved 1064960K
  class space    used 912K, committed 960K, reserved 1048576K
}

Deoptimization events (20 events):
Event: 0.569 Thread 0x000002a20e34eb90 DEOPT PACKING pc=0x000002a211ec28a5 sp=0x000000ef6f0fdf40
Event: 0.569 Thread 0x000002a20e34eb90 DEOPT UNPACKING pc=0x000002a2118fdece sp=0x000000ef6f0fd398 mode 0
Event: 0.569 Thread 0x000002a20e34eb90 DEOPT PACKING pc=0x000002a211ec28a5 sp=0x000000ef6f0fdf40
Event: 0.569 Thread 0x000002a20e34eb90 DEOPT UNPACKING pc=0x000002a2118fdece sp=0x000000ef6f0fd398 mode 0
Event: 0.569 Thread 0x000002a20e34eb90 DEOPT PACKING pc=0x000002a211ec28a5 sp=0x000000ef6f0fdf40
Event: 0.569 Thread 0x000002a20e34eb90 DEOPT UNPACKING pc=0x000002a2118fdece sp=0x000000ef6f0fd398 mode 0
Event: 0.570 Thread 0x000002a20e34eb90 DEOPT PACKING pc=0x000002a211ec27ba sp=0x000000ef6f0fdf40
Event: 0.570 Thread 0x000002a20e34eb90 DEOPT UNPACKING pc=0x000002a2118fdece sp=0x000000ef6f0fd398 mode 0
Event: 0.571 Thread 0x000002a20e34eb90 DEOPT PACKING pc=0x000002a211ec27ba sp=0x000000ef6f0fe1a0
Event: 0.571 Thread 0x000002a20e34eb90 DEOPT UNPACKING pc=0x000002a2118fdece sp=0x000000ef6f0fd5f8 mode 0
Event: 0.571 Thread 0x000002a20e34eb90 DEOPT PACKING pc=0x000002a211ec27ba sp=0x000000ef6f0fe1a0
Event: 0.571 Thread 0x000002a20e34eb90 DEOPT UNPACKING pc=0x000002a2118fdece sp=0x000000ef6f0fd5f8 mode 0
Event: 0.571 Thread 0x000002a20e34eb90 DEOPT PACKING pc=0x000002a211ec27ba sp=0x000000ef6f0fe1a0
Event: 0.571 Thread 0x000002a20e34eb90 DEOPT UNPACKING pc=0x000002a2118fdece sp=0x000000ef6f0fd5f8 mode 0
Event: 0.571 Thread 0x000002a20e34eb90 DEOPT PACKING pc=0x000002a211ec28a5 sp=0x000000ef6f0fe1a0
Event: 0.571 Thread 0x000002a20e34eb90 DEOPT UNPACKING pc=0x000002a2118fdece sp=0x000000ef6f0fd5f8 mode 0
Event: 0.573 Thread 0x000002a20e34eb90 DEOPT PACKING pc=0x000002a211ec28a5 sp=0x000000ef6f0fe0f0
Event: 0.573 Thread 0x000002a20e34eb90 DEOPT UNPACKING pc=0x000002a2118fdece sp=0x000000ef6f0fd548 mode 0
Event: 0.700 Thread 0x000002a20e34eb90 DEOPT PACKING pc=0x000002a211e5c2e5 sp=0x000000ef6f0fa830
Event: 0.700 Thread 0x000002a20e34eb90 DEOPT UNPACKING pc=0x000002a2118fdece sp=0x000000ef6f0f9c80 mode 0

Classes unloaded (0 events):
No events

Classes redefined (0 events):
No events

Internal exceptions (7 events):
Event: 0.390 Thread 0x000002a20e34eb90 Exception <a 'java/lang/NoSuchMethodError'{0x000000008991c0f8}: 'java.lang.Object java.lang.invoke.DirectMethodHandle$Holder.invokeStatic(java.lang.Object)'> (0x000000008991c0f8) 
thrown [t:\workspace\open\src\hotspot\share\interpreter\linkResolver.cpp, line 790]
Event: 0.390 Thread 0x000002a20e34eb90 Exception <a 'java/lang/NoSuchMethodError'{0x000000008991f918}: 'java.lang.Object java.lang.invoke.DirectMethodHandle$Holder.invokeStaticInit(java.lang.Object)'> (0x000000008991f918) 
thrown [t:\workspace\open\src\hotspot\share\interpreter\linkResolver.cpp, line 790]
Event: 0.398 Thread 0x000002a20e34eb90 Exception <a 'java/lang/NoSuchMethodError'{0x0000000089928068}: 'void java.lang.invoke.DirectMethodHandle$Holder.invokeSpecial(java.lang.Object, java.lang.Object, java.lang.Object)'> (0x0000000089928068) 
thrown [t:\workspace\open\src\hotspot\share\interpreter\linkResolver.cpp, line 790]
Event: 0.401 Thread 0x000002a20e34eb90 Exception <a 'java/lang/NoSuchMethodError'{0x00000000899321a0}: 'java.lang.Object java.lang.invoke.DirectMethodHandle$Holder.invokeInterface(java.lang.Object, java.lang.Object)'> (0x00000000899321a0) 
thrown [t:\workspace\open\src\hotspot\share\interpreter\linkResolver.cpp, line 790]
Event: 0.973 Thread 0x000002a20e34eb90 Exception <a 'java/lang/NoSuchMethodError'{0x0000000089a28d18}: 'void java.lang.invoke.DirectMethodHandle$Holder.invokeStatic(java.lang.Object, java.lang.Object, java.lang.Object)'> (0x0000000089a28d18) 
thrown [t:\workspace\open\src\hotspot\share\interpreter\linkResolver.cpp, line 790]
Event: 0.980 Thread 0x000002a20e34eb90 Exception <a 'java/lang/NoSuchMethodError'{0x0000000089a5b160}: 'void java.lang.invoke.DirectMethodHandle$Holder.invokeSpecial(java.lang.Object, java.lang.Object, java.lang.Object, java.lang.Object, java.lang.Object)'> (0x0000000089a5b160) 
thrown [t:\workspace\open\src\hotspot\share\interpreter\linkResolver.cpp, line 790]
Event: 0.982 Thread 0x000002a20e34eb90 Exception <a 'java/lang/NoSuchMethodError'{0x0000000089a63f88}: 'void java.lang.invoke.DirectMethodHandle$Holder.invokeStatic(java.lang.Object, java.lang.Object, java.lang.Object, java.lang.Object)'> (0x0000000089a63f88) 
thrown [t:\workspace\open\src\hotspot\share\interpreter\linkResolver.cpp, line 790]

Events (20 events):
Event: 0.986 loading class java/lang/ProcessEnvironment
Event: 0.986 loading class java/lang/ProcessEnvironment done
Event: 0.986 Executing  VM operation: HandshakeAllThreads
Event: 0.986 Executing  VM operation: HandshakeAllThreads done
Event: 0.986 loading class java/lang/ProcessEnvironment$NameComparator
Event: 0.986 loading class java/lang/ProcessEnvironment$NameComparator done
Event: 0.986 loading class java/lang/ProcessEnvironment$EntryComparator
Event: 0.986 loading class java/lang/ProcessEnvironment$EntryComparator done
Event: 0.987 loading class java/lang/ProcessEnvironment$CheckedEntrySet
Event: 0.987 loading class java/lang/ProcessEnvironment$CheckedEntrySet done
Event: 0.987 loading class java/lang/ProcessEnvironment$CheckedEntrySet$1
Event: 0.987 loading class java/lang/ProcessEnvironment$CheckedEntrySet$1 done
Event: 0.988 loading class java/lang/ProcessEnvironment$CheckedEntry
Event: 0.988 loading class java/lang/ProcessEnvironment$CheckedEntry done
Event: 0.988 loading class java/util/Collections$UnmodifiableMap$UnmodifiableEntrySet
Event: 0.989 loading class java/util/Collections$UnmodifiableMap$UnmodifiableEntrySet done
Event: 0.989 loading class java/util/Collections$UnmodifiableMap$UnmodifiableEntrySet$1
Event: 0.989 loading class java/util/Collections$UnmodifiableMap$UnmodifiableEntrySet$1 done
Event: 0.989 loading class java/util/Collections$UnmodifiableMap$UnmodifiableEntrySet$UnmodifiableEntry
Event: 0.989 loading class java/util/Collections$UnmodifiableMap$UnmodifiableEntrySet$UnmodifiableEntry done


Dynamic libraries:
0x00007ff7b7ca0000 - 0x00007ff7b7cae000 	C:\Users\youss\.p2\pool\plugins\org.eclipse.justj.openjdk.hotspot.jre.full.win32.x86_64_16.0.1.v20210528-1205\jre\bin\javaw.exe
0x00007ffda2a90000 - 0x00007ffda2c85000 	C:\WINDOWS\SYSTEM32\ntdll.dll
0x00007ffda1ad0000 - 0x00007ffda1b8d000 	C:\WINDOWS\System32\KERNEL32.DLL
0x00007ffda0780000 - 0x00007ffda0a49000 	C:\WINDOWS\System32\KERNELBASE.dll
0x00007ffda0650000 - 0x00007ffda0750000 	C:\WINDOWS\System32\ucrtbase.dll
0x00007ffd8cf70000 - 0x00007ffd8cf89000 	C:\Users\youss\.p2\pool\plugins\org.eclipse.justj.openjdk.hotspot.jre.full.win32.x86_64_16.0.1.v20210528-1205\jre\bin\VCRUNTIME140.dll
0x00007ffd8cf50000 - 0x00007ffd8cf68000 	C:\Users\youss\.p2\pool\plugins\org.eclipse.justj.openjdk.hotspot.jre.full.win32.x86_64_16.0.1.v20210528-1205\jre\bin\jli.dll
0x00007ffda1300000 - 0x00007ffda14a0000 	C:\WINDOWS\System32\USER32.dll
0x00007ffda0750000 - 0x00007ffda0772000 	C:\WINDOWS\System32\win32u.dll
0x00007ffd8f8d0000 - 0x00007ffd8fb6a000 	C:\WINDOWS\WinSxS\amd64_microsoft.windows.common-controls_6595b64144ccf1df_6.0.19041.1110_none_60b5254171f9507e\COMCTL32.dll
0x00007ffda0b00000 - 0x00007ffda0b2a000 	C:\WINDOWS\System32\GDI32.dll
0x00007ffda2390000 - 0x00007ffda242e000 	C:\WINDOWS\System32\msvcrt.dll
0x00007ffda0540000 - 0x00007ffda064b000 	C:\WINDOWS\System32\gdi32full.dll
0x00007ffda0410000 - 0x00007ffda04ad000 	C:\WINDOWS\System32\msvcp_win.dll
0x00007ffda15f0000 - 0x00007ffda1620000 	C:\WINDOWS\System32\IMM32.DLL
0x00007ffd8cf40000 - 0x00007ffd8cf4c000 	C:\Users\youss\.p2\pool\plugins\org.eclipse.justj.openjdk.hotspot.jre.full.win32.x86_64_16.0.1.v20210528-1205\jre\bin\vcruntime140_1.dll
0x00007ffd8cd70000 - 0x00007ffd8ce01000 	C:\Users\youss\.p2\pool\plugins\org.eclipse.justj.openjdk.hotspot.jre.full.win32.x86_64_16.0.1.v20210528-1205\jre\bin\msvcp140.dll
0x00007ffd44280000 - 0x00007ffd44e2b000 	C:\Users\youss\.p2\pool\plugins\org.eclipse.justj.openjdk.hotspot.jre.full.win32.x86_64_16.0.1.v20210528-1205\jre\bin\server\jvm.dll
0x00007ffda1980000 - 0x00007ffda1a2c000 	C:\WINDOWS\System32\ADVAPI32.dll
0x00007ffda1a30000 - 0x00007ffda1acb000 	C:\WINDOWS\System32\sechost.dll
0x00007ffda1b90000 - 0x00007ffda1cba000 	C:\WINDOWS\System32\RPCRT4.dll
0x00007ffda2980000 - 0x00007ffda2988000 	C:\WINDOWS\System32\PSAPI.DLL
0x00007ffd94280000 - 0x00007ffd9428a000 	C:\WINDOWS\SYSTEM32\VERSION.dll
0x00007ffd9e940000 - 0x00007ffd9e949000 	C:\WINDOWS\SYSTEM32\WSOCK32.dll
0x00007ffd93e00000 - 0x00007ffd93e27000 	C:\WINDOWS\SYSTEM32\WINMM.dll
0x00007ffda1580000 - 0x00007ffda15eb000 	C:\WINDOWS\System32\WS2_32.dll
0x00007ffd9ed00000 - 0x00007ffd9ed12000 	C:\WINDOWS\SYSTEM32\kernel.appcore.dll
0x00007ffd99050000 - 0x00007ffd9905a000 	C:\Users\youss\.p2\pool\plugins\org.eclipse.justj.openjdk.hotspot.jre.full.win32.x86_64_16.0.1.v20210528-1205\jre\bin\jimage.dll
0x00007ffd9e730000 - 0x00007ffd9e914000 	C:\WINDOWS\SYSTEM32\DBGHELP.DLL
0x00007ffd88650000 - 0x00007ffd8867c000 	C:\WINDOWS\SYSTEM32\dbgcore.DLL
0x00007ffda04b0000 - 0x00007ffda0533000 	C:\WINDOWS\System32\bcryptPrimitives.dll
0x00007ffd89080000 - 0x00007ffd890a5000 	C:\Users\youss\.p2\pool\plugins\org.eclipse.justj.openjdk.hotspot.jre.full.win32.x86_64_16.0.1.v20210528-1205\jre\bin\java.dll
0x00007ffd8d030000 - 0x00007ffd8d048000 	C:\Users\youss\.p2\pool\plugins\org.eclipse.justj.openjdk.hotspot.jre.full.win32.x86_64_16.0.1.v20210528-1205\jre\bin\zip.dll
0x00007ffda0bc0000 - 0x00007ffda12ff000 	C:\WINDOWS\System32\SHELL32.dll
0x00007ffd9ded0000 - 0x00007ffd9e661000 	C:\WINDOWS\SYSTEM32\windows.storage.dll
0x00007ffda1620000 - 0x00007ffda1975000 	C:\WINDOWS\System32\combase.dll
0x00007ffd9fb60000 - 0x00007ffd9fb8c000 	C:\WINDOWS\SYSTEM32\Wldp.dll
0x00007ffda2990000 - 0x00007ffda2a3e000 	C:\WINDOWS\System32\SHCORE.dll
0x00007ffda14c0000 - 0x00007ffda1515000 	C:\WINDOWS\System32\shlwapi.dll
0x00007ffda0110000 - 0x00007ffda012f000 	C:\WINDOWS\SYSTEM32\profapi.dll
0x00007ffd8b570000 - 0x00007ffd8b589000 	C:\Users\youss\.p2\pool\plugins\org.eclipse.justj.openjdk.hotspot.jre.full.win32.x86_64_16.0.1.v20210528-1205\jre\bin\net.dll
0x00007ffd935d0000 - 0x00007ffd936da000 	C:\WINDOWS\SYSTEM32\WINHTTP.dll
0x00007ffd9f940000 - 0x00007ffd9f9aa000 	C:\WINDOWS\system32\mswsock.dll
0x00007ffd89060000 - 0x00007ffd89073000 	C:\Users\youss\.p2\pool\plugins\org.eclipse.justj.openjdk.hotspot.jre.full.win32.x86_64_16.0.1.v20210528-1205\jre\bin\nio.dll
0x00007ffd99020000 - 0x00007ffd99030000 	C:\Users\youss\.p2\pool\plugins\org.eclipse.justj.openjdk.hotspot.jre.full.win32.x86_64_16.0.1.v20210528-1205\jre\bin\verify.dll

dbghelp: loaded successfully - version: 4.0.5 - missing functions: none
symbol engine: initialized successfully - sym options: 0x614 - pdb path: .;C:\Users\youss\.p2\pool\plugins\org.eclipse.justj.openjdk.hotspot.jre.full.win32.x86_64_16.0.1.v20210528-1205\jre\bin;C:\WINDOWS\SYSTEM32;C:\WINDOWS\WinSxS\amd64_microsoft.windows.common-controls_6595b64144ccf1df_6.0.19041.1110_none_60b5254171f9507e;C:\Users\youss\.p2\pool\plugins\org.eclipse.justj.openjdk.hotspot.jre.full.win32.x86_64_16.0.1.v20210528-1205\jre\bin\server

VM Arguments:
jvm_args: -Dfile.encoding=UTF-8 -XX:+ShowCodeDetailsInExceptionMessages 
java_command: application.mqttr.App
java_class_path (initial): C:\Users\youss\eclipse-workspace\mqttr\target\classes;C:\Users\youss\.m2\repository\org\eclipse\paho\org.eclipse.paho.client.mqttv3\1.2.5\org.eclipse.paho.client.mqttv3-1.2.5.jar;C:\Users\youss\.m2\repository\com\google\code\gson\gson\2.8.7\gson-2.8.7.jar;C:\Users\youss\.m2\repository\org\springframework\boot\spring-boot-starter-data-elasticsearch\2.5.3\spring-boot-starter-data-elasticsearch-2.5.3.jar;C:\Users\youss\.m2\repository\org\springframework\boot\spring-boot-starter\2.5.3\spring-boot-starter-2.5.3.jar;C:\Users\youss\.m2\repository\org\springframework\boot\spring-boot\2.5.3\spring-boot-2.5.3.jar;C:\Users\youss\.m2\repository\org\springframework\boot\spring-boot-autoconfigure\2.5.3\spring-boot-autoconfigure-2.5.3.jar;C:\Users\youss\.m2\repository\org\springframework\boot\spring-boot-starter-logging\2.5.3\spring-boot-starter-logging-2.5.3.jar;C:\Users\youss\.m2\repository\ch\qos\logback\logback-classic\1.2.4\logback-classic-1.2.4.jar;C:\Users\youss\.m2\repository\ch\qos\logback\logback-core\1.2.4\logback-core-1.2.4.jar;C:\Users\youss\.m2\repository\org\slf4j\jul-to-slf4j\1.7.32\jul-to-slf4j-1.7.32.jar;C:\Users\youss\.m2\repository\jakarta\annotation\jakarta.annotation-api\1.3.5\jakarta.annotation-api-1.3.5.jar;C:\Users\youss\.m2\repository\org\yaml\snakeyaml\1.28\snakeyaml-1.28.jar;C:\Users\youss\.m2\repository\org\springframework\data\spring-data-elasticsearch\4.2.3\spring-data-elasticsearch-4.2.3.jar;C:\Users\youss\.m2\repository\org\springframework\spring-context\5.3.9\spring-context-5.3.9.jar;C:\Users\youss\.m2\repository\org\springframework\spring-tx\5.3.9\spring-tx-5.3.9.jar;C:\Users\youss\.m2\repository\org\springframework\data\spring-data-commons\2.5.3\spring-data-commons-2.5.3.jar;C:\Users\youss\.m2\repository\org\elasticsearch\plugin\transport-netty4-client\7.12.1\transport-netty4-client-7.12.1.jar;C:\Users\youss\.m2\repository\io\netty\netty-buffer\4.1.66.Final\netty-buffer-4.1.66.Final.jar;C:\Users\youss\.m2\repository\
Launcher Type: SUN_STANDARD

[Global flags]
     intx CICompilerCount                          = 3                                         {product} {ergonomic}
     uint ConcGCThreads                            = 1                                         {product} {ergonomic}
     uint G1ConcRefinementThreads                  = 4                                         {product} {ergonomic}
   size_t G1HeapRegionSize                         = 1048576                                   {product} {ergonomic}
    uintx GCDrainStackTargetSize                   = 64                                        {product} {ergonomic}
   size_t InitialHeapSize                          = 132120576                                 {product} {ergonomic}
   size_t MarkStackSize                            = 4194304                                   {product} {ergonomic}
   size_t MaxHeapSize                              = 2113929216                                {product} {ergonomic}
   size_t MaxNewSize                               = 1267728384                                {product} {ergonomic}
   size_t MinHeapDeltaBytes                        = 1048576                                   {product} {ergonomic}
   size_t MinHeapSize                              = 8388608                                   {product} {ergonomic}
    uintx NonNMethodCodeHeapSize                   = 5832780                                {pd product} {ergonomic}
    uintx NonProfiledCodeHeapSize                  = 122912730                              {pd product} {ergonomic}
    uintx ProfiledCodeHeapSize                     = 122912730                              {pd product} {ergonomic}
    uintx ReservedCodeCacheSize                    = 251658240                              {pd product} {ergonomic}
     bool SegmentedCodeCache                       = true                                      {product} {ergonomic}
     bool ShowCodeDetailsInExceptionMessages       = true                                   {manageable} {command line}
   size_t SoftMaxHeapSize                          = 2113929216                             {manageable} {ergonomic}
     bool UseCompressedClassPointers               = true                           {product lp64_product} {ergonomic}
     bool UseCompressedOops                        = true                           {product lp64_product} {ergonomic}
     bool UseG1GC                                  = true                                      {product} {ergonomic}
     bool UseLargePagesIndividualAllocation        = false                                  {pd product} {ergonomic}

Logging:
Log output configuration:
 #0: stdout all=warning uptime,level,tags
 #1: stderr all=off uptime,level,tags

Environment Variables:
PATH=C:/Users/youss/.p2/pool/plugins/org.eclipse.justj.openjdk.hotspot.jre.full.win32.x86_64_16.0.1.v20210528-1205/jre/bin/server;C:/Users/youss/.p2/pool/plugins/org.eclipse.justj.openjdk.hotspot.jre.full.win32.x86_64_16.0.1.v20210528-1205/jre/bin;C:\WINDOWS\system32;C:\WINDOWS;C:\WINDOWS\System32\Wbem;C:\WINDOWS\System32\WindowsPowerShell\v1.0\;C:\WINDOWS\System32\OpenSSH\;C:\Program Files (x86)\IVI Foundation\VISA\WinNT\Bin\;C:\Program Files\IVI Foundation\VISA\Win64\Bin\;C:\Program Files (x86)\National Instruments\Shared\LabVIEW CLI;C:\Program Files (x86)\IVI Foundation\VISA\WinNT\Bin;C:\Program Files\Git\cmd;C:\Program Files\Docker\Docker\resources\bin;C:\ProgramData\DockerDesktop\version-bin;C:\Program Files\elastic\logstash-7.13.4\bin;C:\Program Files\elastic\kibana-7.13.4-windows-x86_64\bin;C:\Program Files\elastic\elasticsearch-7.13.4\bin;C:\Program Files\nodejs\;C:\Users\youss\AppData\Local\Microsoft\WindowsApps;C:\Users\youss\AppData\Local\Programs\Microsoft VS Code\bin;C:\Users\youss\AppData\Roaming\npm;C:\Users\youss\OneDrive\Bureau;
USERNAME=youss
OS=Windows_NT
PROCESSOR_IDENTIFIER=Intel64 Family 6 Model 78 Stepping 3, GenuineIntel



---------------  S Y S T E M  ---------------

OS:
 Windows 10 , 64 bit Build 19041 (10.0.19041.1023)
OS uptime: 3 days 10:16 hours
Hyper-V role detected

CPU: total 4 (initial active 4) (2 cores per cpu, 2 threads per core) family 6 model 78 stepping 3 microcode 0xd6, cx8, cmov, fxsr, ht, mmx, 3dnowpref, sse, sse2, sse3, ssse3, sse4.1, sse4.2, popcnt, lzcnt, tsc, tscinvbit, avx, avx2, aes, erms, clmul, bmi1, bmi2, adx, fma, vzeroupper, clflush, clflushopt, hv

Memory: 4k page, system-wide physical 8056M (290M free)
TotalPageFile size 32632M (AvailPageFile size 4M)
current process WorkingSet (physical memory assigned to process): 73M, peak: 73M
current process commit charge ("private bytes"): 213M, peak: 213M

vm_info: OpenJDK 64-Bit Server VM (16.0.1+9-24) for windows-amd64 JRE (16.0.1+9-24), built on Mar 26 2021 19:30:07 by "mach5one" with MS VC++ 16.7 (VS2019)

END.
